生成启动时间为 2014/11/6 星期四 下午 6:41:37。
     1>项目“F:\intercompilation\C\visual_stUdio_2010\ysw_vs1\ysw20140921_c++_4\VS2010_MATLAB2012B_3\VS2010_MATLAB2012B_3\VS2010_MATLAB2012B_3.vcxproj”在节点 2 上(build 个目标)。
     1>InitializeBuildStatus:
         正在创建“Debug\VS2010_MATLAB2012B_3.unsuccessfulbuild”，因为已指定“AlwaysCreate”。
       ClCompile:
         C:\Program Files\Microsoft Visual Studio 10.0\VC\bin\CL.exe /c /I"C:\Program Files\MATLAB\R2014a\extern\include" /I"C:\Program Files\MATLAB\R2014a\extern\include\win32" /ZI /nologo /W3 /WX- /Od /Oy- /D WIN32 /D _DEBUG /D _CONSOLE /D _UNICODE /D UNICODE /Gm /EHsc /RTC1 /MDd /GS /fp:precise /Zc:wchar_t /Zc:forScope /Fo"Debug\\" /Fd"Debug\vc100.pdb" /Gd /TP /analyze- /errorReport:prompt ysw1.cpp
         ysw1.cpp
       ManifestResourceCompile:
         所有输出均为最新。
       Link:
         C:\Program Files\Microsoft Visual Studio 10.0\VC\bin\link.exe /ERRORREPORT:PROMPT /OUT:"F:\intercompilation\C\visual_stUdio_2010\ysw_vs1\ysw20140921_c++_4\VS2010_MATLAB2012B_3\Debug\VS2010_MATLAB2012B_3.exe" /INCREMENTAL /NOLOGO /LIBPATH:"C:\Program Files\MATLAB\R2014a\extern\lib\win32\microsoft" add.lib mclmcrrt.lib mclmcr.lib kernel32.lib user32.lib gdi32.lib winspool.lib comdlg32.lib advapi32.lib shell32.lib ole32.lib oleaut32.lib uuid.lib odbc32.lib odbccp32.lib /MANIFEST /ManifestFile:"Debug\VS2010_MATLAB2012B_3.exe.intermediate.manifest" /MANIFESTUAC:"level='asInvoker' uiAccess='false'" /DEBUG /PDB:"F:\intercompilation\C\visual_stUdio_2010\ysw_vs1\ysw20140921_c++_4\VS2010_MATLAB2012B_3\Debug\VS2010_MATLAB2012B_3.pdb" /SUBSYSTEM:CONSOLE /TLBID:1 /DYNAMICBASE /NXCOMPAT /IMPLIB:"F:\intercompilation\C\visual_stUdio_2010\ysw_vs1\ysw20140921_c++_4\VS2010_MATLAB2012B_3\Debug\VS2010_MATLAB2012B_3.lib" /MACHINE:X86 Debug\VS2010_MATLAB2012B_3.exe.embed.manifest.res
         Debug\ysw1.obj
         add.lib
       Manifest:
         C:\Program Files\Microsoft SDKs\Windows\v7.0A\bin\mt.exe /nologo /verbose /out:"Debug\VS2010_MATLAB2012B_3.exe.embed.manifest" /manifest Debug\VS2010_MATLAB2012B_3.exe.intermediate.manifest
         所有输出均为最新。
       LinkEmbedManifest:
         所有输出均为最新。
         VS2010_MATLAB2012B_3.vcxproj -> F:\intercompilation\C\visual_stUdio_2010\ysw_vs1\ysw20140921_c++_4\VS2010_MATLAB2012B_3\Debug\VS2010_MATLAB2012B_3.exe
       FinalizeBuildStatus:
         正在删除文件“Debug\VS2010_MATLAB2012B_3.unsuccessfulbuild”。
         正在对“Debug\VS2010_MATLAB2012B_3.lastbuildstate”执行 Touch 任务。
     1>已完成生成项目“F:\intercompilation\C\visual_stUdio_2010\ysw_vs1\ysw20140921_c++_4\VS2010_MATLAB2012B_3\VS2010_MATLAB2012B_3\VS2010_MATLAB2012B_3.vcxproj”(build 个目标)的操作。

生成成功。

已用时间 00:00:07.81
